Already up-to-date.
[gh-pages bb2e6b8] html daily update
 5 files changed, 5 insertions(+), 4 deletions(-)
 create mode 100644 script.log
Branch gh-pages set up to track remote branch gh-pages from origin.
Already up-to-date.
[gh-pages f6d679d] html daily update
 6 files changed, 68 insertions(+), 3 deletions(-)
 create mode 100644 html/yesterday.html
Branch gh-pages set up to track remote branch gh-pages from origin.
Updating f6d679d..7d465b0
Fast-forward
 index.html | 2 +-
 1 file changed, 1 insertion(+), 1 deletion(-)
[gh-pages fb79995] html daily update
 6 files changed, 12 insertions(+), 64 deletions(-)
 delete mode 100644 html/last_monday.html
Branch gh-pages set up to track remote branch gh-pages from origin.
Thu  6 Oct 20:30:01 CEST 2016
Already up-to-date.
[gh-pages 45ac4ab] html daily update
 5 files changed, 10 insertions(+), 4 deletions(-)
Branch gh-pages set up to track remote branch gh-pages from origin.
Fri  7 Oct 12:30:01 CEST 2016
Already up-to-date.
[gh-pages 376f8b1] html daily update
 5 files changed, 9 insertions(+), 4 deletions(-)
Branch gh-pages set up to track remote branch gh-pages from origin.
Fri  7 Oct 20:30:01 CEST 2016
Already up-to-date.
[gh-pages 3518cc9] html daily update
 5 files changed, 9 insertions(+), 4 deletions(-)
Branch gh-pages set up to track remote branch gh-pages from origin.
Sat  8 Oct 12:30:01 CEST 2016
Already up-to-date.
[gh-pages 1414e0a] html daily update
 1 file changed, 5 insertions(+)
Branch gh-pages set up to track remote branch gh-pages from origin.
Sat  8 Oct 20:30:01 CEST 2016
Already up-to-date.
[gh-pages 7cab785] html daily update
 1 file changed, 5 insertions(+)
Branch gh-pages set up to track remote branch gh-pages from origin.
Sun  9 Oct 12:30:01 CEST 2016
Already up-to-date.
[gh-pages bb9e561] html daily update
 1 file changed, 5 insertions(+)
Branch gh-pages set up to track remote branch gh-pages from origin.
Sun  9 Oct 20:30:01 CEST 2016
Already up-to-date.
[gh-pages bba89e3] html daily update
 1 file changed, 5 insertions(+)
Branch gh-pages set up to track remote branch gh-pages from origin.
Mon 10 Oct 12:30:01 CEST 2016
[gh-pages 0b415b9] html daily update
 5 files changed, 5 insertions(+), 4 deletions(-)
Branch gh-pages set up to track remote branch gh-pages from origin.
